make all --print-data-base --no-builtin-variables --no-builtin-rules --question
# GNU Make 4.3
# Built for x86_64-pc-linux-gnu
# Copyright (C) 1988-2020 Free Software Foundation, Inc.
# License GPLv3+: GNU GPL version 3 or later <http://gnu.org/licenses/gpl.html>
# This is free software: you are free to change and redistribute it.
# There is NO WARRANTY, to the extent permitted by law.

# Make data base, printed on Fri Aug 19 21:46:57 2022

# Variables

# environment
GDK_BACKEND = x11
# environment
LC_ALL = C
# makefile (from 'Makefile', line 5)
SRC := src
# environment
LC_NAME = en_AU.UTF-8
# environment
LC_NUMERIC = en_AU.UTF-8
# environment
VSCODE_CWD = /home/gc
# environment
LC_ADDRESS = en_AU.UTF-8
# default
MAKE_COMMAND := make
# environment
QT_ACCESSIBILITY = 1
# automatic
@D = $(patsubst %/,%,$(dir $@))
# environment
VSCODE_HANDLES_UNCAUGHT_ERRORS = true
# default
.VARIABLES := 
# environment
PWD = /home/gc/VS-Projects/Botanic++
# automatic
%D = $(patsubst %/,%,$(dir $%))
# environment
XDG_DATA_DIRS = /usr/share/Lubuntu:/usr/local/share:/usr/share:/var/lib/snapd/desktop
# automatic
^D = $(patsubst %/,%,$(dir $^))
# automatic
%F = $(notdir $%)
# environment
VSCODE_CODE_CACHE_PATH = /home/gc/.config/Code/CachedData/e4503b30fc78200f846c62cf8091b76ff5547662
# environment
XDG_SESSION_PATH = /org/freedesktop/DisplayManager/Session1
# environment
LANG = C
# environment
XAUTHORITY = /home/gc/.Xauthority
# default
.LOADED := 
# default
.INCLUDE_DIRS = /usr/local/include /usr/include /usr/include
# makefile
MAKEFLAGS = pqrR
# makefile
CURDIR := /home/gc/VS-Projects/Botanic++
# environment
APPLICATION_INSIGHTS_NO_DIAGNOSTIC_CHANNEL = true
# environment
LESSOPEN = | /usr/bin/lesspipe %s
# automatic
*D = $(patsubst %/,%,$(dir $*))
# environment
MFLAGS = -pqrR
# environment
SSH_AUTH_SOCK = /tmp/ssh-XXXXXXTMUwzp/agent.1712
# default
.SHELLFLAGS := -c
# environment
XDG_CONFIG_DIRS = /etc/xdg/xdg-Lubuntu:/etc/xdg:/etc:/usr/share
# automatic
+D = $(patsubst %/,%,$(dir $+))
# environment
XDG_SESSION_DESKTOP = 
# makefile (from 'Makefile', line 1)
MAKEFILE_LIST := Makefile
# automatic
@F = $(notdir $@)
# environment
VSCODE_PID = 16893
# environment
XDG_SESSION_TYPE = x11
# automatic
?D = $(patsubst %/,%,$(dir $?))
# environment
SAL_USE_VCLPLUGIN = qt5
# environment
XDG_DATA_HOME = /home/gc/.local/share
# automatic
*F = $(notdir $*)
# environment
QT_QPA_PLATFORMTHEME = lxqt
# environment
CHROME_DESKTOP = code-url-handler.desktop
# environment
DBUS_SESSION_BUS_ADDRESS = unix:path=/run/user/1000/bus
# makefile (from 'Makefile', line 7)
LIB := lib
# automatic
<D = $(patsubst %/,%,$(dir $<))
# environment
VSCODE_NLS_CONFIG = {"locale":"en-gb","availableLanguages":{},"_languagePackSupport":true}
# makefile (from 'Makefile', line 6)
INCLUDE := include
# default
MAKE_HOST := x86_64-pc-linux-gnu
# environment
LXQT_SESSION_CONFIG = session
# makefile
SHELL = /bin/sh
# default
MAKECMDGOALS := all
# environment
SHLVL = 0
# environment
MAKELEVEL := 0
# default
MAKE = $(MAKE_COMMAND)
# environment
PATH = /home/gc/.local/bin:/home/gc/.local/bin:/usr/local/sbin:/usr/local/bin:/usr/sbin:/usr/bin:/sbin:/bin:/usr/games:/usr/local/games:/snap/bin
# default
MAKEFILES := 
# environment
LC_MONETARY = en_AU.UTF-8
# automatic
^F = $(notdir $^)
# environment
LC_TIME = en_AU.UTF-8
# environment
XDG_CONFIG_HOME = /home/gc/.config
# environment
LC_TELEPHONE = en_AU.UTF-8
# environment
LESSCLOSE = /usr/bin/lesspipe %s %s
# automatic
?F = $(notdir $?)
# environment
GTK_CSD = 0
# environment
XDG_SEAT = seat0
# environment
XDG_CURRENT_DESKTOP = LXQt
# environment
LS_COLORS = 
# automatic
+F = $(notdir $+)
# environment
XDG_SEAT_PATH = /org/freedesktop/DisplayManager/Seat0
# environment
DESKTOP_SESSION = Lubuntu
# environment
ORIGINAL_XDG_CURRENT_DESKTOP = LXQt
# 'override' directive
GNUMAKEFLAGS := 
# environment
BROWSER = chrome
# environment
LOGNAME = gc
# environment
SAL_VCL_QT5_USE_CAIRO = true
# environment
XDG_VTNR = 1
# makefile
.DEFAULT_GOAL := all
# environment
DISPLAY = :0
# environment
USER = gc
# default
MAKE_VERSION := 4.3
# makefile (from 'Makefile', line 10)
EXECUTABLE := main
# environment
LC_MEASUREMENT = en_AU.UTF-8
# makefile (from 'Makefile', line 2)
CXX_FLAGS := -Wall -Wextra -std=c++17 -ggdb 
# environment
SSH_AGENT_PID = 1758
# environment
_ = /usr/share/code/code
# environment
LC_PAPER = en_AU.UTF-8
# makefile (from 'Makefile', line 4)
BIN := bin
# environment
XDG_RUNTIME_DIR = /run/user/1000
# environment
GPG_AGENT_INFO = /run/user/1000/gnupg/S.gpg-agent:0:1
# environment
GTK_OVERLAY_SCROLLING = 0
# environment
QT_PLATFORM_PLUGIN = lxqt
# environment
XDG_SESSION_CLASS = user
# makefile (from 'Makefile', line 9)
LIBRARIES := -lcryptopp
# environment
VSCODE_AMD_ENTRYPOINT = vs/workbench/api/node/extensionHostProcess
# environment
HOME = /home/gc
# environment
ELECTRON_RUN_AS_NODE = 1
# environment
VSCODE_IPC_HOOK = /run/user/1000/vscode-64fa8b2c-1.70.2-main.sock
# environment
TERM = qterminal
# environment
XDG_SESSION_ID = 3
# default
.RECIPEPREFIX := 
# automatic
<F = $(notdir $<)
# default
SUFFIXES := 
# environment
XDG_CACHE_HOME = /home/gc/.cache
# default
.FEATURES := target-specific order-only second-expansion else-if shortest-stem undefine oneshell nocomment grouped-target extra-prereqs archives jobserver output-sync check-symlink load
# makefile (from 'Makefile', line 1)
CXX := g++
# environment
XDG_MENU_PREFIX = lxqt-
# environment
LC_IDENTIFICATION = en_AU.UTF-8
# variable set hash-table stats:
# Load=109/1024=11%, Rehash=0, Collisions=11/152=7%

# Pattern-specific Variable Values

# No pattern-specific variable values.

# Directories

# src (device 2050, inode 3276802): 198 files, no impossibilities.
# . (device 2050, inode 3148062): 12 files, no impossibilities.

# 210 files, no impossibilities in 2 directories.

# Implicit Rules

# No implicit rules.

# Files

# Not a target:
Makefile:
#  Implicit rule search has been done.
#  Last modified 2022-08-19 21:32:41.100392713
#  File has been updated.
#  Successfully updated.

# Not a target:
src/main.cpp:
#  Implicit rule search has been done.
#  Last modified 2022-08-19 21:02:54.168998348
#  File has been updated.
#  Successfully updated.

clean:
#  Implicit rule search has not been done.
#  Modification time never checked.
#  File has not been updated.
#  recipe to execute (from 'Makefile', line 23):
	-rm $(BIN)/*

bin/main: src/main.cpp
#  Implicit rule search has not been done.
#  Implicit/static pattern stem: ''
#  File does not exist.
#  File has been updated.
#  Needs to be updated (-q is set).
# automatic
# @ := bin/main
# automatic
# * := 
 
# automatic
# < := src/main.cpp
# automatic
# + := src/main.cpp
# automatic
# % := 
# automatic
# ^ := src/main.cpp
# automatic
# ? := src/main.cpp
# automatic
# | := 
# variable set hash-table stats:
# Load=8/32=25%, Rehash=0, Collisions=6/18=33%
#  recipe to execute (from 'Makefile', line 20):
	$(CXX) $(CXX_FLAGS) -I$(INCLUDE) -L$(LIB) $^ -o $@ $(LIBRARIES)

# Not a target:
.DEFAULT:
#  Implicit rule search has not been done.
#  Modification time never checked.
#  File has not been updated.

all: bin/main
#  Command line target.
#  Implicit rule search has been done.
#  File does not exist.
#  File has been updated.
#  Needs to be updated (-q is set).
# variable set hash-table stats:
# Load=0/32=0%, Rehash=0, Collisions=0/8=0%

run: clean all
#  Implicit rule search has not been done.
#  Modification time never checked.
#  File has not been updated.
#  recipe to execute (from 'Makefile', line 16):
	clear
	./$(BIN)/$(EXECUTABLE)

# Not a target:
.SUFFIXES:
#  Implicit rule search has not been done.
#  Modification time never checked.
#  File has not been updated.

# files hash-table stats:
# Load=8/1024=1%, Rehash=0, Collisions=0/26=0%
# VPATH Search Paths

# No 'vpath' search paths.

# No general ('VPATH' variable) search path.

# strcache buffers: 1 (0) / strings = 217 / storage = 1918 B / avg = 8 B
# current buf: size = 8162 B / used = 1918 B / count = 217 / avg = 8 B

# strcache performance: lookups = 233 / hit rate = 6%
# hash-table stats:
# Load=217/8192=3%, Rehash=0, Collisions=3/233=1%
# Finished Make data base on Fri Aug 19 21:46:57 2022

 
